c:\users\win 10\source\repos\project31\project31\debug\vc142.pdb
c:\users\win 10\source\repos\project31\project31\debug\vc142.idb
c:\users\win 10\source\repos\project31\project31\debug\소스1.obj
c:\users\win 10\source\repos\project31\project31\debug\소스.obj
c:\users\user\onedrive\desktop\project31\project31\debug\vc142.pdb
c:\users\user\onedrive\desktop\project31\project31\debug\vc142.idb
c:\users\user\onedrive\desktop\project31\project31\debug\소스.obj
c:\users\win 10\source\repos\project31\debug\project31.exe
c:\users\win 10\source\repos\project31\debug\project31.ilk
c:\users\win 10\source\repos\project31\debug\project31.pdb
c:\users\user\onedrive\desktop\project31\debug\project31.ilk
c:\users\user\onedrive\desktop\project31\debug\project31.exe
c:\users\user\onedrive\desktop\project31\debug\project31.pdb
c:\users\user\onedrive\desktop\project31\project31\debug\소스1.obj
c:\users\user\onedrive\desktop\project31\project31\debug\소스.obj.enc
c:\users\user\onedrive\desktop\project31\project31\debug\project31.tlog\cl.command.1.tlog
c:\users\user\onedrive\desktop\project31\project31\debug\project31.tlog\cl.read.1.tlog
c:\users\user\onedrive\desktop\project31\project31\debug\project31.tlog\cl.write.1.tlog
c:\users\user\onedrive\desktop\project31\project31\debug\project31.tlog\link.command.1.tlog
c:\users\user\onedrive\desktop\project31\project31\debug\project31.tlog\link.read.1.tlog
c:\users\user\onedrive\desktop\project31\project31\debug\project31.tlog\link.write.1.tlog
